<?xml version="1.0" encoding="UTF-8" ?>
<testsuites>
  <testsuite errors="0" failures="0" hostname="LAPTOP-320U6G4U" id="0" name="QuadraticTestCombAuto" package="quatest" skipped="0" tests="56" time="0.163" timestamp="2025-04-13T22:38:26">
      <properties>
[...]
</properties>

      <testcase classname="quatest.QuadraticTestCombAuto" name="testValidInputInteger" time="0.016" />

      <testcase classname="quatest.QuadraticTestCombAuto" name="endTime" time="0.005" />

      <testcase classname="quatest.QuadraticTestCombAuto" name="testCase0" time="0.001" />

      <testcase classname="quatest.QuadraticTestCombAuto" name="testCase1" time="0.0" />

      <testcase classname="quatest.QuadraticTestCombAuto" name="testCase2" time="0.0" />

      <testcase classname="quatest.QuadraticTestCombAuto" name="testCase3" time="0.001" />

      <testcase classname="quatest.QuadraticTestCombAuto" name="testCase4" time="0.0" />

      <testcase classname="quatest.QuadraticTestCombAuto" name="testCase5" time="0.001" />

      <testcase classname="quatest.QuadraticTestCombAuto" name="testCase6" time="0.0" />

      <testcase classname="quatest.QuadraticTestCombAuto" name="testCase7" time="0.001" />

      <testcase classname="quatest.QuadraticTestCombAuto" name="testCase8" time="0.0" />

      <testcase classname="quatest.QuadraticTestCombAuto" name="testCase9" time="0.0" />

      <testcase classname="quatest.QuadraticTestCombAuto" name="testPrecisionLossInputShouldFail" time="0.002" />

      <testcase classname="quatest.QuadraticTestCombAuto" name="testScientificNotationShouldFail" time="0.0" />

      <testcase classname="quatest.QuadraticTestCombAuto" name="testComplexNumber2" time="0.001" />

      <testcase classname="quatest.QuadraticTestCombAuto" name="testComplexNumber3" time="0.0" />

      <testcase classname="quatest.QuadraticTestCombAuto" name="testComplexNumber4" time="0.0" />

      <testcase classname="quatest.QuadraticTestCombAuto" name="testComplexNumber5" time="0.007" />

      <testcase classname="quatest.QuadraticTestCombAuto" name="testComplexNumber" time="0.001" />

      <testcase classname="quatest.QuadraticTestCombAuto" name="testTooLargeNumberNotAllowed" time="0.0" />

      <testcase classname="quatest.QuadraticTestCombAuto" name="testCase10" time="0.0" />

      <testcase classname="quatest.QuadraticTestCombAuto" name="testCase11" time="0.0" />

      <testcase classname="quatest.QuadraticTestCombAuto" name="testCase12" time="0.0" />

      <testcase classname="quatest.QuadraticTestCombAuto" name="testCase13" time="0.0" />

      <testcase classname="quatest.QuadraticTestCombAuto" name="testCase14" time="0.0" />

      <testcase classname="quatest.QuadraticTestCombAuto" name="testCase15" time="0.0" />

      <testcase classname="quatest.QuadraticTestCombAuto" name="testCase16" time="0.0" />

      <testcase classname="quatest.QuadraticTestCombAuto" name="testCase17" time="0.001" />

      <testcase classname="quatest.QuadraticTestCombAuto" name="testCase18" time="0.0" />

      <testcase classname="quatest.QuadraticTestCombAuto" name="testCase19" time="0.001" />

      <testcase classname="quatest.QuadraticTestCombAuto" name="testCase20" time="0.0" />

      <testcase classname="quatest.QuadraticTestCombAuto" name="testCase21" time="0.0" />

      <testcase classname="quatest.QuadraticTestCombAuto" name="testCase22" time="0.0" />

      <testcase classname="quatest.QuadraticTestCombAuto" name="testCase23" time="0.001" />

      <testcase classname="quatest.QuadraticTestCombAuto" name="testCase24" time="0.0" />

      <testcase classname="quatest.QuadraticTestCombAuto" name="testCase25" time="0.001" />

      <testcase classname="quatest.QuadraticTestCombAuto" name="testCase26" time="0.0" />

      <testcase classname="quatest.QuadraticTestCombAuto" name="testCase27" time="0.001" />

      <testcase classname="quatest.QuadraticTestCombAuto" name="testCase28" time="0.0" />

      <testcase classname="quatest.QuadraticTestCombAuto" name="testCase29" time="0.0" />

      <testcase classname="quatest.QuadraticTestCombAuto" name="testCase30" time="0.0" />

      <testcase classname="quatest.QuadraticTestCombAuto" name="testCase31" time="0.0" />

      <testcase classname="quatest.QuadraticTestCombAuto" name="testCase32" time="0.0" />

      <testcase classname="quatest.QuadraticTestCombAuto" name="testCase33" time="0.0" />

      <testcase classname="quatest.QuadraticTestCombAuto" name="testCase34" time="0.0" />

      <testcase classname="quatest.QuadraticTestCombAuto" name="testCase35" time="0.0" />

      <testcase classname="quatest.QuadraticTestCombAuto" name="testCase36" time="0.0" />

      <testcase classname="quatest.QuadraticTestCombAuto" name="testCase37" time="0.0" />

      <testcase classname="quatest.QuadraticTestCombAuto" name="testCase38" time="0.0" />

      <testcase classname="quatest.QuadraticTestCombAuto" name="testCase39" time="0.0" />

      <testcase classname="quatest.QuadraticTestCombAuto" name="testInputWithTrailingZero" time="0.0" />

      <testcase classname="quatest.QuadraticTestCombAuto" name="testRealNumber1" time="0.0" />

      <testcase classname="quatest.QuadraticTestCombAuto" name="testRealNumber3" time="0.0" />

      <testcase classname="quatest.QuadraticTestCombAuto" name="testRealNumber4" time="0.001" />

      <testcase classname="quatest.QuadraticTestCombAuto" name="testRealNumber5" time="0.0" />

      <testcase classname="quatest.QuadraticTestCombAuto" name="testValidInputDecimal" time="0.0" />

      <system-out><![CDATA[Test took: 0.198 ms
]]></system-out>

      <system-err><![CDATA[]]></system-err>

  </testsuite>
  <testsuite errors="1" failures="0" hostname="LAPTOP-320U6G4U" id="1" name="QuadraticTestZ3" package="quatest" skipped="0" tests="1" time="0.0" timestamp="2025-04-13T22:38:27">
      <properties>
[...]
</properties>

      <error message="quatest.QuadraticTestZ3" type="java.lang.ClassNotFoundException">java.lang.ClassNotFoundException: quatest.QuadraticTestZ3
	at java.base/jdk.internal.loader.BuiltinClassLoader.loadClass(BuiltinClassLoader.java:641)
	at java.base/jdk.internal.loader.ClassLoaders$AppClassLoader.loadClass(ClassLoaders.java:188)
	at java.base/java.lang.ClassLoader.loadClass(ClassLoader.java:521)
	at java.base/java.lang.Class.forName0(Native Method)
	at java.base/java.lang.Class.forName(Class.java:495)
	at java.base/java.lang.Class.forName(Class.java:474)
</error>

      <system-out><![CDATA[]]></system-out>

      <system-err><![CDATA[]]></system-err>

  </testsuite>
  <testsuite errors="0" failures="0" hostname="LAPTOP-320U6G4U" id="2" name="QuadraticZ3TestAuto" package="quatest" skipped="0" tests="55" time="0.047" timestamp="2025-04-13T22:38:27">
      <properties>
[...]
</properties>

      <testcase classname="quatest.QuadraticZ3TestAuto" name="testValidInputInteger" time="0.002" />

      <testcase classname="quatest.QuadraticZ3TestAuto" name="testCase0" time="0.0" />

      <testcase classname="quatest.QuadraticZ3TestAuto" name="testCase1" time="0.0" />

      <testcase classname="quatest.QuadraticZ3TestAuto" name="testCase2" time="0.0" />

      <testcase classname="quatest.QuadraticZ3TestAuto" name="testCase3" time="0.0" />

      <testcase classname="quatest.QuadraticZ3TestAuto" name="testCase4" time="0.0" />

      <testcase classname="quatest.QuadraticZ3TestAuto" name="testCase5" time="0.0" />

      <testcase classname="quatest.QuadraticZ3TestAuto" name="testCase6" time="0.001" />

      <testcase classname="quatest.QuadraticZ3TestAuto" name="testCase7" time="0.0" />

      <testcase classname="quatest.QuadraticZ3TestAuto" name="testCase8" time="0.001" />

      <testcase classname="quatest.QuadraticZ3TestAuto" name="testCase9" time="0.0" />

      <testcase classname="quatest.QuadraticZ3TestAuto" name="testPrecisionLossInputShouldFail" time="0.0" />

      <testcase classname="quatest.QuadraticZ3TestAuto" name="testScientificNotationShouldFail" time="0.0" />

      <testcase classname="quatest.QuadraticZ3TestAuto" name="testCase210" time="0.001" />

      <testcase classname="quatest.QuadraticZ3TestAuto" name="testCase211" time="0.0" />

      <testcase classname="quatest.QuadraticZ3TestAuto" name="testCase212" time="0.0" />

      <testcase classname="quatest.QuadraticZ3TestAuto" name="testCase213" time="0.0" />

      <testcase classname="quatest.QuadraticZ3TestAuto" name="testCase214" time="0.0" />

      <testcase classname="quatest.QuadraticZ3TestAuto" name="testCase215" time="0.0" />

      <testcase classname="quatest.QuadraticZ3TestAuto" name="testCase216" time="0.0" />

      <testcase classname="quatest.QuadraticZ3TestAuto" name="testCase217" time="0.0" />

      <testcase classname="quatest.QuadraticZ3TestAuto" name="testCase218" time="0.0" />

      <testcase classname="quatest.QuadraticZ3TestAuto" name="testCase219" time="0.0" />

      <testcase classname="quatest.QuadraticZ3TestAuto" name="testComplexNumber2" time="0.0" />

      <testcase classname="quatest.QuadraticZ3TestAuto" name="testComplexNumber3" time="0.0" />

      <testcase classname="quatest.QuadraticZ3TestAuto" name="testComplexNumber4" time="0.0" />

      <testcase classname="quatest.QuadraticZ3TestAuto" name="testComplexNumber5" time="0.001" />

      <testcase classname="quatest.QuadraticZ3TestAuto" name="testComplexNumber" time="0.0" />

      <testcase classname="quatest.QuadraticZ3TestAuto" name="testTooLargeNumberNotAllowed" time="0.001" />

      <testcase classname="quatest.QuadraticZ3TestAuto" name="testCase10" time="0.0" />

      <testcase classname="quatest.QuadraticZ3TestAuto" name="testCase11" time="0.0" />

      <testcase classname="quatest.QuadraticZ3TestAuto" name="testCase12" time="0.001" />

      <testcase classname="quatest.QuadraticZ3TestAuto" name="testCase13" time="0.0" />

      <testcase classname="quatest.QuadraticZ3TestAuto" name="testCase14" time="0.0" />

      <testcase classname="quatest.QuadraticZ3TestAuto" name="testCase15" time="0.001" />

      <testcase classname="quatest.QuadraticZ3TestAuto" name="testCase16" time="0.0" />

      <testcase classname="quatest.QuadraticZ3TestAuto" name="testCase17" time="0.0" />

      <testcase classname="quatest.QuadraticZ3TestAuto" name="testCase18" time="0.0" />

      <testcase classname="quatest.QuadraticZ3TestAuto" name="testCase19" time="0.0" />

      <testcase classname="quatest.QuadraticZ3TestAuto" name="testCase20" time="0.0" />

      <testcase classname="quatest.QuadraticZ3TestAuto" name="testCase21" time="0.0" />

      <testcase classname="quatest.QuadraticZ3TestAuto" name="testCase23" time="0.0" />

      <testcase classname="quatest.QuadraticZ3TestAuto" name="testCase24" time="0.001" />

      <testcase classname="quatest.QuadraticZ3TestAuto" name="testCase25" time="0.001" />

      <testcase classname="quatest.QuadraticZ3TestAuto" name="testCase26" time="0.0" />

      <testcase classname="quatest.QuadraticZ3TestAuto" name="testCase27" time="0.001" />

      <testcase classname="quatest.QuadraticZ3TestAuto" name="testCase28" time="0.0" />

      <testcase classname="quatest.QuadraticZ3TestAuto" name="testCase29" time="0.001" />

      <testcase classname="quatest.QuadraticZ3TestAuto" name="testInputWithTrailingZero" time="0.001" />

      <testcase classname="quatest.QuadraticZ3TestAuto" name="testRealNumber1" time="0.0" />

      <testcase classname="quatest.QuadraticZ3TestAuto" name="testRealNumber2" time="0.001" />

      <testcase classname="quatest.QuadraticZ3TestAuto" name="testRealNumber3" time="0.001" />

      <testcase classname="quatest.QuadraticZ3TestAuto" name="testRealNumber4" time="0.001" />

      <testcase classname="quatest.QuadraticZ3TestAuto" name="testRealNumber5" time="0.0" />

      <testcase classname="quatest.QuadraticZ3TestAuto" name="testValidInputDecimal" time="0.0" />

      <system-out><![CDATA[]]></system-out>

      <system-err><![CDATA[]]></system-err>

  </testsuite>
  <testsuite errors="1" failures="0" hostname="LAPTOP-320U6G4U" id="3" name="quadraticTestComb" package="quatest" skipped="0" tests="1" time="0.0" timestamp="2025-04-13T22:38:27">
      <properties>
[...]
</properties>

      <error message="quatest.quadraticTestComb" type="java.lang.ClassNotFoundException">java.lang.ClassNotFoundException: quatest.quadraticTestComb
	at java.base/jdk.internal.loader.BuiltinClassLoader.loadClass(BuiltinClassLoader.java:641)
	at java.base/jdk.internal.loader.ClassLoaders$AppClassLoader.loadClass(ClassLoaders.java:188)
	at java.base/java.lang.ClassLoader.loadClass(ClassLoader.java:521)
	at java.base/java.lang.Class.forName0(Native Method)
	at java.base/java.lang.Class.forName(Class.java:495)
	at java.base/java.lang.Class.forName(Class.java:474)
</error>

      <system-out><![CDATA[]]></system-out>

      <system-err><![CDATA[]]></system-err>

  </testsuite>
</testsuites>
